2026-03-25 12:16:19,206 - __main__ - INFO - ============================================================
2026-03-25 12:16:19,206 - __main__ - INFO - ТЕСТОВЫЙ ЗАПУСК: метка 'Проект R'
2026-03-25 12:16:19,206 - __main__ - INFO - ============================================================
2026-03-25 12:16:19,206 - __main__ - INFO - 🔍 Ищем посты с меткой 'Проект R'
2026-03-25 12:16:19,239 - src.rss_fetcher - ERROR - Ошибка: URL can't contain control characters. '/feeds/posts/default/-/%D0%9F%D1%80%D0%BE%D0%B5%D0%BA%D1%82 R?alt=rss&max-results=2' (found at least ' ')
2026-03-25 12:16:19,240 - __main__ - INFO - 💾 Тестовые посты сохранены: output_samples\test_Проект R_20260325_1216.json
2026-03-25 12:16:19,241 - __main__ - INFO - 👁️  Визуальный просмотр: output_samples\test_Проект R_20260325_1216.html
2026-03-25 12:16:19,241 - __main__ - INFO - ============================================================
2026-03-25 12:16:19,241 - __main__ - INFO - ТЕСТОВЫЙ ЗАПУСК ЗАВЕРШЁН!
2026-03-25 12:16:19,241 - __main__ - INFO - Найдено постов: 0
2026-03-25 12:16:19,241 - __main__ - INFO - ============================================================
2026-03-25 12:17:10,118 - __main__ - INFO - ============================================================
2026-03-25 12:17:10,118 - __main__ - INFO - ТЕСТОВЫЙ ЗАПУСК: метка 'Проект R'
2026-03-25 12:17:10,118 - __main__ - INFO - ============================================================
2026-03-25 12:17:10,118 - __main__ - INFO - 🔍 Ищем посты с меткой 'Проект R'
2026-03-25 12:17:11,647 - src.rss_fetcher - INFO - Получено 2 постов с меткой 'Проект R'
2026-03-25 12:17:11,650 - __main__ - INFO -   ✅ Джуланджубин. Авиценна....
2026-03-25 12:17:11,650 - __main__ - INFO -      Цель: Знания о розах для семейного благополучия
2026-03-25 12:17:11,651 - __main__ - INFO -   ✅ Часть 2...
2026-03-25 12:17:11,651 - __main__ - INFO -      Цель: Знания о розах для семейного благополучия
2026-03-25 12:17:11,652 - __main__ - INFO - 💾 Тестовые посты сохранены: output_samples\test_Проект R_20260325_1217.json
2026-03-25 12:17:11,652 - __main__ - INFO - 👁️  Визуальный просмотр: output_samples\test_Проект R_20260325_1217.html
2026-03-25 12:17:11,652 - __main__ - INFO - ============================================================
2026-03-25 12:17:11,653 - __main__ - INFO - ТЕСТОВЫЙ ЗАПУСК ЗАВЕРШЁН!
2026-03-25 12:17:11,653 - __main__ - INFO - Найдено постов: 2
2026-03-25 12:17:11,653 - __main__ - INFO - ============================================================
